#
# There is insufficient memory for the Java Runtime Environment to continue.
# Native memory allocation (malloc) failed to allocate 1048576 bytes for AllocateHeap
# Possible reasons:
#   The system is out of physical RAM or swap space
#   In 32 bit mode, the process size limit was hit
# Possible solutions:
#   Reduce memory load on the system
#   Increase physical memory or swap space
#   Check if swap backing store is full
#   Use 64 bit Java on a 64 bit OS
#   Decrease Java heap size (-Xmx/-Xms)
#   Decrease number of Java threads
#   Decrease Java thread stack sizes (-Xss)
#   Set larger code cache with -XX:ReservedCodeCacheSize=
# This output file may be truncated or incomplete.
#
#  Out of Memory Error (memory/allocation.inline.hpp:61), pid=13192, tid=0x00000000000034f8
#
# JRE version:  (8.0_111-b14) (build )
# Java VM: Java HotSpot(TM) 64-Bit Server VM (25.111-b14 mixed mode windows-amd64 compressed oops)
# Failed to write core dump. Minidumps are not enabled by default on client versions of Windows
#

---------------  T H R E A D  ---------------

Current thread (0x0000000002600800):  JavaThread "Unknown thread" [_thread_in_vm, id=13560, stack(0x0000000000d30000,0x0000000000e30000)]

Stack: [0x0000000000d30000,0x0000000000e30000]
[error occurred during error reporting (printing stack bounds), id 0xc0000005]

Native frames: (J=compiled Java code, j=interpreted, Vv=VM code, C=native code)


---------------  P R O C E S S  ---------------

Java Threads: ( => current thread )

Other Threads:

=>0x0000000002600800 (exited) JavaThread "Unknown thread" [_thread_in_vm, id=13560, stack(0x0000000000d30000,0x0000000000e30000)]

VM state:not at safepoint (normal execution)

VM Mutex/Monitor currently owned by a thread: None

Heap:
 PSYoungGen      total 18944K, used 327K [0x00000000eb380000, 0x00000000ec880000, 0x0000000100000000)
  eden space 16384K, 2% used [0x00000000eb380000,0x00000000eb3d1ec8,0x00000000ec380000)
  from space 2560K, 0% used [0x00000000ec600000,0x00000000ec600000,0x00000000ec880000)
  to   space 2560K, 0% used [0x00000000ec380000,0x00000000ec380000,0x00000000ec600000)
 ParOldGen       total 44032K, used 0K [0x00000000c1a00000, 0x00000000c4500000, 0x00000000eb380000)
  object space 44032K, 0% used [0x00000000c1a00000,0x00000000c1a00000,0x00000000c4500000)
 Metaspace       used 770K, capacity 4480K, committed 4480K, reserved 1056768K
  class space    used 75K, capacity 384K, committed 384K, reserved 1048576K

Card table byte_map: [0x0000000011b40000,0x0000000011d40000] byte_map_base: 0x0000000011533000

Marking Bits: (ParMarkBitMap*) 0x00000000599da6c0
 Begin Bits: [0x0000000012290000, 0x0000000013228000)
 End Bits:   [0x0000000013228000, 0x00000000141c0000)

Polling page: 0x0000000000d10000

CodeCache: size=245760Kb used=327Kb max_used=327Kb free=245432Kb
 bounds [0x0000000002780000, 0x00000000029f0000, 0x0000000011780000]
 total_blobs=57 nmethods=0 adapters=38
 compilation: enabled

Compilation events (0 events):
No events

GC Heap History (0 events):
No events

Deoptimization events (0 events):
No events

Internal exceptions (0 events):
No events

Events (10 events):
Event: 0.127 loading class java/lang/Short
Event: 0.128 loading class java/lang/Short done
Event: 0.128 loading class java/lang/Integer
Event: 0.128 loading class java/lang/Integer done
Event: 0.128 loading class java/lang/Long
Event: 0.128 loading class java/lang/Long done
Event: 0.130 loading class java/lang/NullPointerException
Event: 0.130 loading class java/lang/NullPointerException done
Event: 0.130 loading class java/lang/ArithmeticException
Event: 0.130 loading class java/lang/ArithmeticException done


Dynamic libraries:
0x00007ff6e8c20000 - 0x00007ff6e8c57000 	C:\Program Files\Java\jdk1.8.0_111\bin\java.exe
0x00007ffa67dd0000 - 0x00007ffa67fc8000 	C:\WINDOWS\SYSTEM32\ntdll.dll
0x00007ffa65e70000 - 0x00007ffa65f2f000 	C:\WINDOWS\System32\KERNEL32.DLL
0x00007ffa65880000 - 0x00007ffa65b52000 	C:\WINDOWS\System32\KERNELBASE.dll
0x00007ffa66390000 - 0x00007ffa6643e000 	C:\WINDOWS\System32\ADVAPI32.dll
0x00007ffa66ef0000 - 0x00007ffa66f8e000 	C:\WINDOWS\System32\msvcrt.dll
0x00007ffa677b0000 - 0x00007ffa6784c000 	C:\WINDOWS\System32\sechost.dll
0x00007ffa67560000 - 0x00007ffa67685000 	C:\WINDOWS\System32\RPCRT4.dll
0x00007ffa664d0000 - 0x00007ffa66671000 	C:\WINDOWS\System32\USER32.dll
0x00007ffa65b60000 - 0x00007ffa65b82000 	C:\WINDOWS\System32\win32u.dll
0x00007ffa674b0000 - 0x00007ffa674db000 	C:\WINDOWS\System32\GDI32.dll
0x00007ffa65530000 - 0x00007ffa6563f000 	C:\WINDOWS\System32\gdi32full.dll
0x00007ffa65bc0000 - 0x00007ffa65c5d000 	C:\WINDOWS\System32\msvcp_win.dll
0x00007ffa65c60000 - 0x00007ffa65d60000 	C:\WINDOWS\System32\ucrtbase.dll
0x00007ffa519d0000 - 0x00007ffa51c6a000 	C:\WINDOWS\WinSxS\amd64_microsoft.windows.common-controls_6595b64144ccf1df_6.0.19041.1110_none_60b5254171f9507e\COMCTL32.dll
0x00007ffa66690000 - 0x00007ffa666c2000 	C:\WINDOWS\System32\IMM32.DLL
0x00000000590e0000 - 0x00000000591b2000 	C:\Program Files\Java\jdk1.8.0_111\jre\bin\msvcr100.dll
0x00000000591c0000 - 0x0000000059a5a000 	C:\Program Files\Java\jdk1.8.0_111\jre\bin\server\jvm.dll
0x00007ffa67690000 - 0x00007ffa67698000 	C:\WINDOWS\System32\PSAPI.DLL
0x00007ffa51910000 - 0x00007ffa51937000 	C:\WINDOWS\SYSTEM32\WINMM.dll
0x00007ffa59ee0000 - 0x00007ffa59eea000 	C:\WINDOWS\SYSTEM32\VERSION.dll
0x00007ffa57a40000 - 0x00007ffa57a49000 	C:\WINDOWS\SYSTEM32\WSOCK32.dll
0x00007ffa674e0000 - 0x00007ffa6754b000 	C:\WINDOWS\System32\WS2_32.dll
0x0000000059090000 - 0x000000005909f000 	C:\Program Files\Java\jdk1.8.0_111\jre\bin\verify.dll
0x0000000059060000 - 0x0000000059089000 	C:\Program Files\Java\jdk1.8.0_111\jre\bin\java.dll
0x0000000059040000 - 0x0000000059056000 	C:\Program Files\Java\jdk1.8.0_111\jre\bin\zip.dll

VM Arguments:
jvm_args: -Dfile.encoding=UTF-8 
java_command: encuentro8.Ejercicio2
java_class_path (initial): C:\Users\Sofi\Documents\NetBeansProjects\Encuentro8\build\classes
Launcher Type: SUN_STANDARD

Environment Variables:
JAVA_HOME=C:\Program Files\Java\jdk1.8.0_111
PATH=C:\ProgramData\Oracle\Java\javapath;C:\WINDOWS\system32;C:\WINDOWS;C:\WINDOWS\System32\Wbem;C:\WINDOWS\System32\WindowsPowerShell\v1.0\;C:\WINDOWS\system32\config\systemprofile\.dnx\bin;C:\Program Files\Microsoft DNX\Dnvm\;C:\Program Files (x86)\Windows Kits\10\Windows Performance Toolkit\;C:\Program Files (x86)\QuickTime\QTSystem\;C:\WINDOWS\System32\OpenSSH\;C:\Program Files\Git\cmd;C:\Program Files\Java\jdk1.8.0_111\bin;C:\Users\Sofi\AppData\Local\Microsoft\WindowsApps;
USERNAME=Sofi
OS=Windows_NT
PROCESSOR_IDENTIFIER=Intel64 Family 6 Model 55 Stepping 8, GenuineIntel



---------------  S Y S T E M  ---------------

OS: Windows 10.0 , 64 bit Build 19041 (10.0.19041.2546)

CPU:total 4 (4 cores per cpu, 1 threads per core) family 6 model 55 stepping 8, cmov, cx8, fxsr, mmx, sse, sse2, sse3, ssse3, sse4.1, sse4.2, popcnt, clmul, erms, 3dnowpref, tsc, tscinvbit

Memory: 4k page, physical 4080656k(459780k free), swap 5508112k(6308k free)

vm_info: Java HotSpot(TM) 64-Bit Server VM (25.111-b14) for windows-amd64 JRE (1.8.0_111-b14), built on Sep 22 2016 19:24:05 by "java_re" with MS VC++ 10.0 (VS2010)

time: Fri Mar 17 12:20:11 2023
elapsed time: 0 seconds (0d 0h 0m 0s)

